<?xml version="1.0" encoding="UTF-8"?>
<!-- Generated by org.testng.reporters.JUnitReportReporter -->
<testsuite hostname="AIRAVAT" name="demojenkins.NewTest" tests="1" failures="0" timestamp="2 Sep 2016 05:31:56 GMT" time="14.734" errors="0">
  <testcase name="f" time="14.734" classname="demojenkins.NewTest"/>
</testsuite> <!-- demojenkins.NewTest -->
