<?xml version="1.0" encoding="UTF-8"?>
<!-- Generated by org.testng.reporters.JUnitReportReporter -->
<testsuite hostname="AIRAVAT" name="demojenkins.NewTest" tests="1" failures="0" timestamp="2 Sep 2016 08:51:21 GMT" time="7.464" errors="0">
  <testcase name="f" time="7.464" classname="demojenkins.NewTest"/>
</testsuite> <!-- demojenkins.NewTest -->
